WARNING - 2024-06-06 02:03:39 --> [DEPRECATED] Creation of dynamic property App\Services\scheduleService::$validation is deprecated in APPPATH\services\BaseService.php on line 8.
 1 APPPATH\services\ScheduleService.php(18): App\Services\BaseService->__construct()
 2 APPPATH\Controllers\Home.php(10): App\Services\scheduleService->__construct()
 3 SYSTEMPATH\CodeIgniter.php(903): App\Controllers\Home->__construct()
 4 SYSTEMPATH\CodeIgniter.php(500): CodeIgniter\CodeIgniter->createController()
 5 SYSTEMPATH\CodeIgniter.php(355): CodeIgniter\CodeIgniter->handleRequest(null, Object(Config\Cache), false)
 6 SYSTEMPATH\Boot.php(312): CodeIgniter\CodeIgniter->run()
 7 SYSTEMPATH\Boot.php(67): CodeIgniter\Boot::runCodeIgniter(Object(CodeIgniter\CodeIgniter))
 8 FCPATH\index.php(56): CodeIgniter\Boot::bootWeb(Object(Config\Paths))
 9 SYSTEMPATH\Commands\Server\rewrite.php(49): require_once('D:\\xampp\\htdocs\\Build-Plus\\public\\index.php')
WARNING - 2024-06-06 02:06:01 --> [DEPRECATED] Creation of dynamic property App\Services\scheduleService::$validation is deprecated in APPPATH\services\BaseService.php on line 8.
 1 APPPATH\services\ScheduleService.php(18): App\Services\BaseService->__construct()
 2 APPPATH\Controllers\Home.php(10): App\Services\scheduleService->__construct()
 3 SYSTEMPATH\CodeIgniter.php(903): App\Controllers\Home->__construct()
 4 SYSTEMPATH\CodeIgniter.php(500): CodeIgniter\CodeIgniter->createController()
 5 SYSTEMPATH\CodeIgniter.php(355): CodeIgniter\CodeIgniter->handleRequest(null, Object(Config\Cache), false)
 6 SYSTEMPATH\Boot.php(312): CodeIgniter\CodeIgniter->run()
 7 SYSTEMPATH\Boot.php(67): CodeIgniter\Boot::runCodeIgniter(Object(CodeIgniter\CodeIgniter))
 8 FCPATH\index.php(56): CodeIgniter\Boot::bootWeb(Object(Config\Paths))
 9 SYSTEMPATH\Commands\Server\rewrite.php(49): require_once('D:\\xampp\\htdocs\\Build-Plus\\public\\index.php')
WARNING - 2024-06-06 02:09:29 --> [DEPRECATED] Creation of dynamic property App\Services\scheduleService::$validation is deprecated in APPPATH\services\BaseService.php on line 8.
 1 APPPATH\services\ScheduleService.php(18): App\Services\BaseService->__construct()
 2 APPPATH\Controllers\Home.php(10): App\Services\scheduleService->__construct()
 3 SYSTEMPATH\CodeIgniter.php(903): App\Controllers\Home->__construct()
 4 SYSTEMPATH\CodeIgniter.php(500): CodeIgniter\CodeIgniter->createController()
 5 SYSTEMPATH\CodeIgniter.php(355): CodeIgniter\CodeIgniter->handleRequest(null, Object(Config\Cache), false)
 6 SYSTEMPATH\Boot.php(312): CodeIgniter\CodeIgniter->run()
 7 SYSTEMPATH\Boot.php(67): CodeIgniter\Boot::runCodeIgniter(Object(CodeIgniter\CodeIgniter))
 8 FCPATH\index.php(56): CodeIgniter\Boot::bootWeb(Object(Config\Paths))
 9 SYSTEMPATH\Commands\Server\rewrite.php(49): require_once('D:\\xampp\\htdocs\\Build-Plus\\public\\index.php')
WARNING - 2024-06-06 02:09:52 --> [DEPRECATED] Creation of dynamic property App\Services\TeacherService::$validation is deprecated in APPPATH\services\BaseService.php on line 8.
 1 APPPATH\services\TeacherService.php(16): App\Services\BaseService->__construct()
 2 APPPATH\Controllers\GiaovienController.php(13): App\Services\TeacherService->__construct()
 3 SYSTEMPATH\CodeIgniter.php(903): App\Controllers\GiaovienController->__construct()
 4 SYSTEMPATH\CodeIgniter.php(500): CodeIgniter\CodeIgniter->createController()
 5 SYSTEMPATH\CodeIgniter.php(355): CodeIgniter\CodeIgniter->handleRequest(null, Object(Config\Cache), false)
 6 SYSTEMPATH\Boot.php(312): CodeIgniter\CodeIgniter->run()
 7 SYSTEMPATH\Boot.php(67): CodeIgniter\Boot::runCodeIgniter(Object(CodeIgniter\CodeIgniter))
 8 FCPATH\index.php(56): CodeIgniter\Boot::bootWeb(Object(Config\Paths))
 9 SYSTEMPATH\Commands\Server\rewrite.php(49): require_once('D:\\xampp\\htdocs\\Build-Plus\\public\\index.php')
WARNING - 2024-06-06 02:09:56 --> [DEPRECATED] Creation of dynamic property App\Services\StudentService::$validation is deprecated in APPPATH\services\BaseService.php on line 8.
 1 APPPATH\services\StudentService.php(16): App\Services\BaseService->__construct()
 2 APPPATH\Controllers\SinhvienController.php(13): App\Services\StudentService->__construct()
 3 SYSTEMPATH\CodeIgniter.php(903): App\Controllers\SinhvienController->__construct()
 4 SYSTEMPATH\CodeIgniter.php(500): CodeIgniter\CodeIgniter->createController()
 5 SYSTEMPATH\CodeIgniter.php(355): CodeIgniter\CodeIgniter->handleRequest(null, Object(Config\Cache), false)
 6 SYSTEMPATH\Boot.php(312): CodeIgniter\CodeIgniter->run()
 7 SYSTEMPATH\Boot.php(67): CodeIgniter\Boot::runCodeIgniter(Object(CodeIgniter\CodeIgniter))
 8 FCPATH\index.php(56): CodeIgniter\Boot::bootWeb(Object(Config\Paths))
 9 SYSTEMPATH\Commands\Server\rewrite.php(49): require_once('D:\\xampp\\htdocs\\Build-Plus\\public\\index.php')
WARNING - 2024-06-06 02:11:20 --> [DEPRECATED] Creation of dynamic property App\Services\StudentService::$validation is deprecated in APPPATH\services\BaseService.php on line 8.
 1 APPPATH\services\StudentService.php(16): App\Services\BaseService->__construct()
 2 APPPATH\Controllers\SinhvienController.php(13): App\Services\StudentService->__construct()
 3 SYSTEMPATH\CodeIgniter.php(903): App\Controllers\SinhvienController->__construct()
 4 SYSTEMPATH\CodeIgniter.php(500): CodeIgniter\CodeIgniter->createController()
 5 SYSTEMPATH\CodeIgniter.php(355): CodeIgniter\CodeIgniter->handleRequest(null, Object(Config\Cache), false)
 6 SYSTEMPATH\Boot.php(312): CodeIgniter\CodeIgniter->run()
 7 SYSTEMPATH\Boot.php(67): CodeIgniter\Boot::runCodeIgniter(Object(CodeIgniter\CodeIgniter))
 8 FCPATH\index.php(56): CodeIgniter\Boot::bootWeb(Object(Config\Paths))
 9 SYSTEMPATH\Commands\Server\rewrite.php(49): require_once('D:\\xampp\\htdocs\\Build-Plus\\public\\index.php')
WARNING - 2024-06-06 02:11:23 --> [DEPRECATED] Creation of dynamic property App\Services\SubjectService::$validation is deprecated in APPPATH\services\BaseService.php on line 8.
 1 APPPATH\services\SubjectService.php(16): App\Services\BaseService->__construct()
 2 APPPATH\Controllers\MonHocController.php(12): App\Services\SubjectService->__construct()
 3 SYSTEMPATH\CodeIgniter.php(903): App\Controllers\MonHocController->__construct()
 4 SYSTEMPATH\CodeIgniter.php(500): CodeIgniter\CodeIgniter->createController()
 5 SYSTEMPATH\CodeIgniter.php(355): CodeIgniter\CodeIgniter->handleRequest(null, Object(Config\Cache), false)
 6 SYSTEMPATH\Boot.php(312): CodeIgniter\CodeIgniter->run()
 7 SYSTEMPATH\Boot.php(67): CodeIgniter\Boot::runCodeIgniter(Object(CodeIgniter\CodeIgniter))
 8 FCPATH\index.php(56): CodeIgniter\Boot::bootWeb(Object(Config\Paths))
 9 SYSTEMPATH\Commands\Server\rewrite.php(49): require_once('D:\\xampp\\htdocs\\Build-Plus\\public\\index.php')
WARNING - 2024-06-06 02:11:28 --> [DEPRECATED] Creation of dynamic property App\Services\TeacherService::$validation is deprecated in APPPATH\services\BaseService.php on line 8.
 1 APPPATH\services\TeacherService.php(16): App\Services\BaseService->__construct()
 2 APPPATH\Controllers\GiaovienController.php(13): App\Services\TeacherService->__construct()
 3 SYSTEMPATH\CodeIgniter.php(903): App\Controllers\GiaovienController->__construct()
 4 SYSTEMPATH\CodeIgniter.php(500): CodeIgniter\CodeIgniter->createController()
 5 SYSTEMPATH\CodeIgniter.php(355): CodeIgniter\CodeIgniter->handleRequest(null, Object(Config\Cache), false)
 6 SYSTEMPATH\Boot.php(312): CodeIgniter\CodeIgniter->run()
 7 SYSTEMPATH\Boot.php(67): CodeIgniter\Boot::runCodeIgniter(Object(CodeIgniter\CodeIgniter))
 8 FCPATH\index.php(56): CodeIgniter\Boot::bootWeb(Object(Config\Paths))
 9 SYSTEMPATH\Commands\Server\rewrite.php(49): require_once('D:\\xampp\\htdocs\\Build-Plus\\public\\index.php')
WARNING - 2024-06-06 02:11:36 --> [DEPRECATED] Creation of dynamic property App\Services\StudentService::$validation is deprecated in APPPATH\services\BaseService.php on line 8.
 1 APPPATH\services\StudentService.php(16): App\Services\BaseService->__construct()
 2 APPPATH\Controllers\SinhvienController.php(13): App\Services\StudentService->__construct()
 3 SYSTEMPATH\CodeIgniter.php(903): App\Controllers\SinhvienController->__construct()
 4 SYSTEMPATH\CodeIgniter.php(500): CodeIgniter\CodeIgniter->createController()
 5 SYSTEMPATH\CodeIgniter.php(355): CodeIgniter\CodeIgniter->handleRequest(null, Object(Config\Cache), false)
 6 SYSTEMPATH\Boot.php(312): CodeIgniter\CodeIgniter->run()
 7 SYSTEMPATH\Boot.php(67): CodeIgniter\Boot::runCodeIgniter(Object(CodeIgniter\CodeIgniter))
 8 FCPATH\index.php(56): CodeIgniter\Boot::bootWeb(Object(Config\Paths))
 9 SYSTEMPATH\Commands\Server\rewrite.php(49): require_once('D:\\xampp\\htdocs\\Build-Plus\\public\\index.php')
WARNING - 2024-06-06 02:11:39 --> [DEPRECATED] Creation of dynamic property App\Services\scheduleService::$validation is deprecated in APPPATH\services\BaseService.php on line 8.
 1 APPPATH\services\ScheduleService.php(18): App\Services\BaseService->__construct()
 2 APPPATH\Controllers\Home.php(10): App\Services\scheduleService->__construct()
 3 SYSTEMPATH\CodeIgniter.php(903): App\Controllers\Home->__construct()
 4 SYSTEMPATH\CodeIgniter.php(500): CodeIgniter\CodeIgniter->createController()
 5 SYSTEMPATH\CodeIgniter.php(355): CodeIgniter\CodeIgniter->handleRequest(null, Object(Config\Cache), false)
 6 SYSTEMPATH\Boot.php(312): CodeIgniter\CodeIgniter->run()
 7 SYSTEMPATH\Boot.php(67): CodeIgniter\Boot::runCodeIgniter(Object(CodeIgniter\CodeIgniter))
 8 FCPATH\index.php(56): CodeIgniter\Boot::bootWeb(Object(Config\Paths))
 9 SYSTEMPATH\Commands\Server\rewrite.php(49): require_once('D:\\xampp\\htdocs\\Build-Plus\\public\\index.php')
WARNING - 2024-06-06 02:13:40 --> [DEPRECATED] Creation of dynamic property App\Services\TeacherService::$validation is deprecated in APPPATH\services\BaseService.php on line 8.
 1 APPPATH\services\TeacherService.php(16): App\Services\BaseService->__construct()
 2 APPPATH\Controllers\GiaovienController.php(13): App\Services\TeacherService->__construct()
 3 SYSTEMPATH\CodeIgniter.php(903): App\Controllers\GiaovienController->__construct()
 4 SYSTEMPATH\CodeIgniter.php(500): CodeIgniter\CodeIgniter->createController()
 5 SYSTEMPATH\CodeIgniter.php(355): CodeIgniter\CodeIgniter->handleRequest(null, Object(Config\Cache), false)
 6 SYSTEMPATH\Boot.php(312): CodeIgniter\CodeIgniter->run()
 7 SYSTEMPATH\Boot.php(67): CodeIgniter\Boot::runCodeIgniter(Object(CodeIgniter\CodeIgniter))
 8 FCPATH\index.php(56): CodeIgniter\Boot::bootWeb(Object(Config\Paths))
 9 SYSTEMPATH\Commands\Server\rewrite.php(49): require_once('D:\\xampp\\htdocs\\Build-Plus\\public\\index.php')
