INFO - 2024-06-02 06:44:31 --> Session: Class initialized using 'CodeIgniter\Session\Handlers\FileHandler' driver.
INFO - 2024-06-02 06:44:32 --> Session: Class initialized using 'CodeIgniter\Session\Handlers\FileHandler' driver.
INFO - 2024-06-02 06:44:32 --> Session: Class initialized using 'CodeIgniter\Session\Handlers\FileHandler' driver.
INFO - 2024-06-02 06:44:34 --> Session: Class initialized using 'CodeIgniter\Session\Handlers\FileHandler' driver.
INFO - 2024-06-02 06:52:42 --> Session: Class initialized using 'CodeIgniter\Session\Handlers\FileHandler' driver.
INFO - 2024-06-02 06:52:43 --> Session: Class initialized using 'CodeIgniter\Session\Handlers\FileHandler' driver.
INFO - 2024-06-02 06:53:44 --> Session: Class initialized using 'CodeIgniter\Session\Handlers\FileHandler' driver.
INFO - 2024-06-02 06:53:46 --> Session: Class initialized using 'CodeIgniter\Session\Handlers\FileHandler' driver.
INFO - 2024-06-02 06:53:46 --> Session: Class initialized using 'CodeIgniter\Session\Handlers\FileHandler' driver.
INFO - 2024-06-02 06:53:54 --> Session: Class initialized using 'CodeIgniter\Session\Handlers\FileHandler' driver.
INFO - 2024-06-02 06:53:54 --> Session: Class initialized using 'CodeIgniter\Session\Handlers\FileHandler' driver.
INFO - 2024-06-02 06:54:01 --> Session: Class initialized using 'CodeIgniter\Session\Handlers\FileHandler' driver.
INFO - 2024-06-02 06:54:01 --> Session: Class initialized using 'CodeIgniter\Session\Handlers\FileHandler' driver.
INFO - 2024-06-02 06:54:05 --> Session: Class initialized using 'CodeIgniter\Session\Handlers\FileHandler' driver.
INFO - 2024-06-02 06:54:05 --> Session: Class initialized using 'CodeIgniter\Session\Handlers\FileHandler' driver.
INFO - 2024-06-02 06:54:10 --> Session: Class initialized using 'CodeIgniter\Session\Handlers\FileHandler' driver.
INFO - 2024-06-02 06:54:10 --> Session: Class initialized using 'CodeIgniter\Session\Handlers\FileHandler' driver.
CRITICAL - 2024-06-02 07:06:20 --> ErrorException: Undefined variable $dataCategory
[Method: GET, Route: /]
in APPPATH\Controllers\Home.php on line 10.
 1 APPPATH\Controllers\Home.php(10): CodeIgniter\Debug\Exceptions->errorHandler(2, 'Undefined variable $dataCategory', 'T:\\ XAMPP\\htdocs\\Build-Plus\\app\\Controllers\\Home.php', 10)
 2 SYSTEMPATH\CodeIgniter.php(933): App\Controllers\Home->index()
 3 SYSTEMPATH\CodeIgniter.php(509): CodeIgniter\CodeIgniter->runController(Object(App\Controllers\Home))
 4 SYSTEMPATH\CodeIgniter.php(355): CodeIgniter\CodeIgniter->handleRequest(null, Object(Config\Cache), false)
 5 SYSTEMPATH\Boot.php(312): CodeIgniter\CodeIgniter->run()
 6 SYSTEMPATH\Boot.php(67): CodeIgniter\Boot::runCodeIgniter(Object(CodeIgniter\CodeIgniter))
 7 FCPATH\index.php(56): CodeIgniter\Boot::bootWeb(Object(Config\Paths))
 8 SYSTEMPATH\Commands\Server\rewrite.php(49): require_once('T:\\ XAMPP\\htdocs\\Build-Plus\\public\\index.php')
CRITICAL - 2024-06-02 07:06:30 --> ErrorException: Undefined variable $jsFiles
[Method: GET, Route: /]
in APPPATH\Controllers\Home.php on line 10.
 1 APPPATH\Controllers\Home.php(10): CodeIgniter\Debug\Exceptions->errorHandler(2, 'Undefined variable $jsFiles', 'T:\\ XAMPP\\htdocs\\Build-Plus\\app\\Controllers\\Home.php', 10)
 2 SYSTEMPATH\CodeIgniter.php(933): App\Controllers\Home->index()
 3 SYSTEMPATH\CodeIgniter.php(509): CodeIgniter\CodeIgniter->runController(Object(App\Controllers\Home))
 4 SYSTEMPATH\CodeIgniter.php(355): CodeIgniter\CodeIgniter->handleRequest(null, Object(Config\Cache), false)
 5 SYSTEMPATH\Boot.php(312): CodeIgniter\CodeIgniter->run()
 6 SYSTEMPATH\Boot.php(67): CodeIgniter\Boot::runCodeIgniter(Object(CodeIgniter\CodeIgniter))
 7 FCPATH\index.php(56): CodeIgniter\Boot::bootWeb(Object(Config\Paths))
 8 SYSTEMPATH\Commands\Server\rewrite.php(49): require_once('T:\\ XAMPP\\htdocs\\Build-Plus\\public\\index.php')
CRITICAL - 2024-06-02 07:06:37 --> CodeIgniter\View\Exceptions\ViewException: Invalid file: "Home/pages/home.php"
[Method: GET, Route: /]
in SYSTEMPATH\Exceptions\FrameworkException.php on line 41.
 1 SYSTEMPATH\View\View.php(222): CodeIgniter\Exceptions\FrameworkException::forInvalidFile('Home/pages/home.php')
 2 SYSTEMPATH\Common.php(1171): CodeIgniter\View\View->render('Home/pages/home', [], true)
 3 APPPATH\Controllers\BaseController.php(65): view('Home/pages/home', [])
 4 APPPATH\Controllers\Home.php(10): App\Controllers\BaseController->loadLayout([...], 'Trang chủ', 'Home/pages/home', [], [], [])
 5 SYSTEMPATH\CodeIgniter.php(933): App\Controllers\Home->index()
 6 SYSTEMPATH\CodeIgniter.php(509): CodeIgniter\CodeIgniter->runController(Object(App\Controllers\Home))
 7 SYSTEMPATH\CodeIgniter.php(355): CodeIgniter\CodeIgniter->handleRequest(null, Object(Config\Cache), false)
 8 SYSTEMPATH\Boot.php(312): CodeIgniter\CodeIgniter->run()
 9 SYSTEMPATH\Boot.php(67): CodeIgniter\Boot::runCodeIgniter(Object(CodeIgniter\CodeIgniter))
10 FCPATH\index.php(56): CodeIgniter\Boot::bootWeb(Object(Config\Paths))
11 SYSTEMPATH\Commands\Server\rewrite.php(49): require_once('T:\\ XAMPP\\htdocs\\Build-Plus\\public\\index.php')
INFO - 2024-06-02 14:00:25 --> Session: Class initialized using 'CodeIgniter\Session\Handlers\FileHandler' driver.
WARNING - 2024-06-02 14:21:41 --> [DEPRECATED] Creation of dynamic property App\Services\StudentService::$students is deprecated in APPPATH\services\StudentService.php on line 17.
 1 APPPATH\Controllers\SinhvienController.php(13): App\Services\StudentService->__construct()
 2 SYSTEMPATH\CodeIgniter.php(903): App\Controllers\SinhvienController->__construct()
 3 SYSTEMPATH\CodeIgniter.php(500): CodeIgniter\CodeIgniter->createController()
 4 SYSTEMPATH\CodeIgniter.php(355): CodeIgniter\CodeIgniter->handleRequest(null, Object(Config\Cache), false)
 5 SYSTEMPATH\Boot.php(312): CodeIgniter\CodeIgniter->run()
 6 SYSTEMPATH\Boot.php(67): CodeIgniter\Boot::runCodeIgniter(Object(CodeIgniter\CodeIgniter))
 7 FCPATH\index.php(56): CodeIgniter\Boot::bootWeb(Object(Config\Paths))
 8 SYSTEMPATH\Commands\Server\rewrite.php(49): require_once('T:\\ XAMPP\\htdocs\\Build-Plus\\public\\index.php')
CRITICAL - 2024-06-02 14:21:41 --> ErrorException: Undefined variable $students
[Method: GET, Route: list-sinhvien]
in APPPATH\Views\Home\pages\list-sinhvien.php on line 64.
 1 APPPATH\Views\Home\pages\list-sinhvien.php(64): CodeIgniter\Debug\Exceptions->errorHandler(2, 'Undefined variable $students', 'T:\\ XAMPP\\htdocs\\Build-Plus\\app\\Views\\Home\\pages\\list-sinhvien.php', 64)
 2 SYSTEMPATH\View\View.php(234): include('T:\\ XAMPP\\htdocs\\Build-Plus\\app\\Views\\Home\\pages\\list-sinhvien.php')
 3 SYSTEMPATH\View\View.php(237): CodeIgniter\View\View->CodeIgniter\View\{closure}()
 4 SYSTEMPATH\Common.php(1171): CodeIgniter\View\View->render('Home/pages/list-sinhvien', [], true)
 5 APPPATH\Controllers\BaseController.php(65): view('Home/pages/list-sinhvien', [])
 6 APPPATH\Controllers\SinhvienController.php(21): App\Controllers\BaseController->loadLayout([...], 'Trang chủ', 'Home/pages/list-sinhvien', [], [], [])
 7 SYSTEMPATH\CodeIgniter.php(933): App\Controllers\SinhvienController->index()
 8 SYSTEMPATH\CodeIgniter.php(509): CodeIgniter\CodeIgniter->runController(Object(App\Controllers\SinhvienController))
 9 SYSTEMPATH\CodeIgniter.php(355): CodeIgniter\CodeIgniter->handleRequest(null, Object(Config\Cache), false)
10 SYSTEMPATH\Boot.php(312): CodeIgniter\CodeIgniter->run()
11 SYSTEMPATH\Boot.php(67): CodeIgniter\Boot::runCodeIgniter(Object(CodeIgniter\CodeIgniter))
12 FCPATH\index.php(56): CodeIgniter\Boot::bootWeb(Object(Config\Paths))
13 SYSTEMPATH\Commands\Server\rewrite.php(49): require_once('T:\\ XAMPP\\htdocs\\Build-Plus\\public\\index.php')
WARNING - 2024-06-02 14:22:07 --> [DEPRECATED] Creation of dynamic property App\Services\StudentService::$students is deprecated in APPPATH\services\StudentService.php on line 17.
 1 APPPATH\Controllers\SinhvienController.php(13): App\Services\StudentService->__construct()
 2 SYSTEMPATH\CodeIgniter.php(903): App\Controllers\SinhvienController->__construct()
 3 SYSTEMPATH\CodeIgniter.php(500): CodeIgniter\CodeIgniter->createController()
 4 SYSTEMPATH\CodeIgniter.php(355): CodeIgniter\CodeIgniter->handleRequest(null, Object(Config\Cache), false)
 5 SYSTEMPATH\Boot.php(312): CodeIgniter\CodeIgniter->run()
 6 SYSTEMPATH\Boot.php(67): CodeIgniter\Boot::runCodeIgniter(Object(CodeIgniter\CodeIgniter))
 7 FCPATH\index.php(56): CodeIgniter\Boot::bootWeb(Object(Config\Paths))
 8 SYSTEMPATH\Commands\Server\rewrite.php(49): require_once('T:\\ XAMPP\\htdocs\\Build-Plus\\public\\index.php')
CRITICAL - 2024-06-02 14:22:07 --> ErrorException: Undefined variable $students
[Method: GET, Route: list-sinhvien]
in APPPATH\Views\Home\pages\list-sinhvien.php on line 64.
 1 APPPATH\Views\Home\pages\list-sinhvien.php(64): CodeIgniter\Debug\Exceptions->errorHandler(2, 'Undefined variable $students', 'T:\\ XAMPP\\htdocs\\Build-Plus\\app\\Views\\Home\\pages\\list-sinhvien.php', 64)
 2 SYSTEMPATH\View\View.php(234): include('T:\\ XAMPP\\htdocs\\Build-Plus\\app\\Views\\Home\\pages\\list-sinhvien.php')
 3 SYSTEMPATH\View\View.php(237): CodeIgniter\View\View->CodeIgniter\View\{closure}()
 4 SYSTEMPATH\Common.php(1171): CodeIgniter\View\View->render('Home/pages/list-sinhvien', [], true)
 5 APPPATH\Controllers\BaseController.php(65): view('Home/pages/list-sinhvien', [])
 6 APPPATH\Controllers\SinhvienController.php(21): App\Controllers\BaseController->loadLayout([...], 'Trang chủ', 'Home/pages/list-sinhvien', [], [], [])
 7 SYSTEMPATH\CodeIgniter.php(933): App\Controllers\SinhvienController->index()
 8 SYSTEMPATH\CodeIgniter.php(509): CodeIgniter\CodeIgniter->runController(Object(App\Controllers\SinhvienController))
 9 SYSTEMPATH\CodeIgniter.php(355): CodeIgniter\CodeIgniter->handleRequest(null, Object(Config\Cache), false)
10 SYSTEMPATH\Boot.php(312): CodeIgniter\CodeIgniter->run()
11 SYSTEMPATH\Boot.php(67): CodeIgniter\Boot::runCodeIgniter(Object(CodeIgniter\CodeIgniter))
12 FCPATH\index.php(56): CodeIgniter\Boot::bootWeb(Object(Config\Paths))
13 SYSTEMPATH\Commands\Server\rewrite.php(49): require_once('T:\\ XAMPP\\htdocs\\Build-Plus\\public\\index.php')
WARNING - 2024-06-02 14:23:04 --> [DEPRECATED] Creation of dynamic property App\Services\StudentService::$students is deprecated in APPPATH\services\StudentService.php on line 17.
 1 APPPATH\Controllers\SinhvienController.php(13): App\Services\StudentService->__construct()
 2 SYSTEMPATH\CodeIgniter.php(903): App\Controllers\SinhvienController->__construct()
 3 SYSTEMPATH\CodeIgniter.php(500): CodeIgniter\CodeIgniter->createController()
 4 SYSTEMPATH\CodeIgniter.php(355): CodeIgniter\CodeIgniter->handleRequest(null, Object(Config\Cache), false)
 5 SYSTEMPATH\Boot.php(312): CodeIgniter\CodeIgniter->run()
 6 SYSTEMPATH\Boot.php(67): CodeIgniter\Boot::runCodeIgniter(Object(CodeIgniter\CodeIgniter))
 7 FCPATH\index.php(56): CodeIgniter\Boot::bootWeb(Object(Config\Paths))
 8 SYSTEMPATH\Commands\Server\rewrite.php(49): require_once('T:\\ XAMPP\\htdocs\\Build-Plus\\public\\index.php')
WARNING - 2024-06-02 14:23:41 --> [DEPRECATED] Creation of dynamic property App\Services\StudentService::$students is deprecated in APPPATH\services\StudentService.php on line 17.
 1 APPPATH\Controllers\SinhvienController.php(13): App\Services\StudentService->__construct()
 2 SYSTEMPATH\CodeIgniter.php(903): App\Controllers\SinhvienController->__construct()
 3 SYSTEMPATH\CodeIgniter.php(500): CodeIgniter\CodeIgniter->createController()
 4 SYSTEMPATH\CodeIgniter.php(355): CodeIgniter\CodeIgniter->handleRequest(null, Object(Config\Cache), false)
 5 SYSTEMPATH\Boot.php(312): CodeIgniter\CodeIgniter->run()
 6 SYSTEMPATH\Boot.php(67): CodeIgniter\Boot::runCodeIgniter(Object(CodeIgniter\CodeIgniter))
 7 FCPATH\index.php(56): CodeIgniter\Boot::bootWeb(Object(Config\Paths))
 8 SYSTEMPATH\Commands\Server\rewrite.php(49): require_once('T:\\ XAMPP\\htdocs\\Build-Plus\\public\\index.php')
WARNING - 2024-06-02 14:24:26 --> [DEPRECATED] Creation of dynamic property App\Services\StudentService::$students is deprecated in APPPATH\services\StudentService.php on line 17.
 1 APPPATH\Controllers\SinhvienController.php(13): App\Services\StudentService->__construct()
 2 SYSTEMPATH\CodeIgniter.php(903): App\Controllers\SinhvienController->__construct()
 3 SYSTEMPATH\CodeIgniter.php(500): CodeIgniter\CodeIgniter->createController()
 4 SYSTEMPATH\CodeIgniter.php(355): CodeIgniter\CodeIgniter->handleRequest(null, Object(Config\Cache), false)
 5 SYSTEMPATH\Boot.php(312): CodeIgniter\CodeIgniter->run()
 6 SYSTEMPATH\Boot.php(67): CodeIgniter\Boot::runCodeIgniter(Object(CodeIgniter\CodeIgniter))
 7 FCPATH\index.php(56): CodeIgniter\Boot::bootWeb(Object(Config\Paths))
 8 SYSTEMPATH\Commands\Server\rewrite.php(49): require_once('T:\\ XAMPP\\htdocs\\Build-Plus\\public\\index.php')
WARNING - 2024-06-02 14:24:49 --> [DEPRECATED] Creation of dynamic property App\Services\StudentService::$students is deprecated in APPPATH\services\StudentService.php on line 17.
 1 APPPATH\Controllers\SinhvienController.php(13): App\Services\StudentService->__construct()
 2 SYSTEMPATH\CodeIgniter.php(903): App\Controllers\SinhvienController->__construct()
 3 SYSTEMPATH\CodeIgniter.php(500): CodeIgniter\CodeIgniter->createController()
 4 SYSTEMPATH\CodeIgniter.php(355): CodeIgniter\CodeIgniter->handleRequest(null, Object(Config\Cache), false)
 5 SYSTEMPATH\Boot.php(312): CodeIgniter\CodeIgniter->run()
 6 SYSTEMPATH\Boot.php(67): CodeIgniter\Boot::runCodeIgniter(Object(CodeIgniter\CodeIgniter))
 7 FCPATH\index.php(56): CodeIgniter\Boot::bootWeb(Object(Config\Paths))
 8 SYSTEMPATH\Commands\Server\rewrite.php(49): require_once('T:\\ XAMPP\\htdocs\\Build-Plus\\public\\index.php')
WARNING - 2024-06-02 14:25:24 --> [DEPRECATED] Creation of dynamic property App\Services\StudentService::$students is deprecated in APPPATH\services\StudentService.php on line 17.
 1 APPPATH\Controllers\SinhvienController.php(13): App\Services\StudentService->__construct()
 2 SYSTEMPATH\CodeIgniter.php(903): App\Controllers\SinhvienController->__construct()
 3 SYSTEMPATH\CodeIgniter.php(500): CodeIgniter\CodeIgniter->createController()
 4 SYSTEMPATH\CodeIgniter.php(355): CodeIgniter\CodeIgniter->handleRequest(null, Object(Config\Cache), false)
 5 SYSTEMPATH\Boot.php(312): CodeIgniter\CodeIgniter->run()
 6 SYSTEMPATH\Boot.php(67): CodeIgniter\Boot::runCodeIgniter(Object(CodeIgniter\CodeIgniter))
 7 FCPATH\index.php(56): CodeIgniter\Boot::bootWeb(Object(Config\Paths))
 8 SYSTEMPATH\Commands\Server\rewrite.php(49): require_once('T:\\ XAMPP\\htdocs\\Build-Plus\\public\\index.php')
WARNING - 2024-06-02 14:26:04 --> [DEPRECATED] Creation of dynamic property App\Services\StudentService::$students is deprecated in APPPATH\services\StudentService.php on line 17.
 1 APPPATH\Controllers\SinhvienController.php(13): App\Services\StudentService->__construct()
 2 SYSTEMPATH\CodeIgniter.php(903): App\Controllers\SinhvienController->__construct()
 3 SYSTEMPATH\CodeIgniter.php(500): CodeIgniter\CodeIgniter->createController()
 4 SYSTEMPATH\CodeIgniter.php(355): CodeIgniter\CodeIgniter->handleRequest(null, Object(Config\Cache), false)
 5 SYSTEMPATH\Boot.php(312): CodeIgniter\CodeIgniter->run()
 6 SYSTEMPATH\Boot.php(67): CodeIgniter\Boot::runCodeIgniter(Object(CodeIgniter\CodeIgniter))
 7 FCPATH\index.php(56): CodeIgniter\Boot::bootWeb(Object(Config\Paths))
 8 SYSTEMPATH\Commands\Server\rewrite.php(49): require_once('T:\\ XAMPP\\htdocs\\Build-Plus\\public\\index.php')
WARNING - 2024-06-02 14:26:07 --> [DEPRECATED] Creation of dynamic property App\Services\StudentService::$students is deprecated in APPPATH\services\StudentService.php on line 17.
 1 APPPATH\Controllers\SinhvienController.php(13): App\Services\StudentService->__construct()
 2 SYSTEMPATH\CodeIgniter.php(903): App\Controllers\SinhvienController->__construct()
 3 SYSTEMPATH\CodeIgniter.php(500): CodeIgniter\CodeIgniter->createController()
 4 SYSTEMPATH\CodeIgniter.php(355): CodeIgniter\CodeIgniter->handleRequest(null, Object(Config\Cache), false)
 5 SYSTEMPATH\Boot.php(312): CodeIgniter\CodeIgniter->run()
 6 SYSTEMPATH\Boot.php(67): CodeIgniter\Boot::runCodeIgniter(Object(CodeIgniter\CodeIgniter))
 7 FCPATH\index.php(56): CodeIgniter\Boot::bootWeb(Object(Config\Paths))
 8 SYSTEMPATH\Commands\Server\rewrite.php(49): require_once('T:\\ XAMPP\\htdocs\\Build-Plus\\public\\index.php')
WARNING - 2024-06-02 14:26:16 --> [DEPRECATED] Creation of dynamic property App\Services\StudentService::$students is deprecated in APPPATH\services\StudentService.php on line 17.
 1 APPPATH\Controllers\SinhvienController.php(13): App\Services\StudentService->__construct()
 2 SYSTEMPATH\CodeIgniter.php(903): App\Controllers\SinhvienController->__construct()
 3 SYSTEMPATH\CodeIgniter.php(500): CodeIgniter\CodeIgniter->createController()
 4 SYSTEMPATH\CodeIgniter.php(355): CodeIgniter\CodeIgniter->handleRequest(null, Object(Config\Cache), false)
 5 SYSTEMPATH\Boot.php(312): CodeIgniter\CodeIgniter->run()
 6 SYSTEMPATH\Boot.php(67): CodeIgniter\Boot::runCodeIgniter(Object(CodeIgniter\CodeIgniter))
 7 FCPATH\index.php(56): CodeIgniter\Boot::bootWeb(Object(Config\Paths))
 8 SYSTEMPATH\Commands\Server\rewrite.php(49): require_once('T:\\ XAMPP\\htdocs\\Build-Plus\\public\\index.php')
WARNING - 2024-06-02 14:39:11 --> [DEPRECATED] Creation of dynamic property App\Services\StudentService::$students is deprecated in APPPATH\services\StudentService.php on line 17.
 1 APPPATH\Controllers\SinhvienController.php(13): App\Services\StudentService->__construct()
 2 SYSTEMPATH\CodeIgniter.php(903): App\Controllers\SinhvienController->__construct()
 3 SYSTEMPATH\CodeIgniter.php(500): CodeIgniter\CodeIgniter->createController()
 4 SYSTEMPATH\CodeIgniter.php(355): CodeIgniter\CodeIgniter->handleRequest(null, Object(Config\Cache), false)
 5 SYSTEMPATH\Boot.php(312): CodeIgniter\CodeIgniter->run()
 6 SYSTEMPATH\Boot.php(67): CodeIgniter\Boot::runCodeIgniter(Object(CodeIgniter\CodeIgniter))
 7 FCPATH\index.php(56): CodeIgniter\Boot::bootWeb(Object(Config\Paths))
 8 SYSTEMPATH\Commands\Server\rewrite.php(49): require_once('T:\\ XAMPP\\htdocs\\Build-Plus\\public\\index.php')
WARNING - 2024-06-02 14:39:23 --> [DEPRECATED] Creation of dynamic property App\Services\StudentService::$students is deprecated in APPPATH\services\StudentService.php on line 17.
 1 APPPATH\Controllers\SinhvienController.php(13): App\Services\StudentService->__construct()
 2 SYSTEMPATH\CodeIgniter.php(903): App\Controllers\SinhvienController->__construct()
 3 SYSTEMPATH\CodeIgniter.php(500): CodeIgniter\CodeIgniter->createController()
 4 SYSTEMPATH\CodeIgniter.php(355): CodeIgniter\CodeIgniter->handleRequest(null, Object(Config\Cache), false)
 5 SYSTEMPATH\Boot.php(312): CodeIgniter\CodeIgniter->run()
 6 SYSTEMPATH\Boot.php(67): CodeIgniter\Boot::runCodeIgniter(Object(CodeIgniter\CodeIgniter))
 7 FCPATH\index.php(56): CodeIgniter\Boot::bootWeb(Object(Config\Paths))
 8 SYSTEMPATH\Commands\Server\rewrite.php(49): require_once('T:\\ XAMPP\\htdocs\\Build-Plus\\public\\index.php')
WARNING - 2024-06-02 14:39:48 --> [DEPRECATED] Creation of dynamic property App\Services\StudentService::$students is deprecated in APPPATH\services\StudentService.php on line 17.
 1 APPPATH\Controllers\SinhvienController.php(13): App\Services\StudentService->__construct()
 2 SYSTEMPATH\CodeIgniter.php(903): App\Controllers\SinhvienController->__construct()
 3 SYSTEMPATH\CodeIgniter.php(500): CodeIgniter\CodeIgniter->createController()
 4 SYSTEMPATH\CodeIgniter.php(355): CodeIgniter\CodeIgniter->handleRequest(null, Object(Config\Cache), false)
 5 SYSTEMPATH\Boot.php(312): CodeIgniter\CodeIgniter->run()
 6 SYSTEMPATH\Boot.php(67): CodeIgniter\Boot::runCodeIgniter(Object(CodeIgniter\CodeIgniter))
 7 FCPATH\index.php(56): CodeIgniter\Boot::bootWeb(Object(Config\Paths))
 8 SYSTEMPATH\Commands\Server\rewrite.php(49): require_once('T:\\ XAMPP\\htdocs\\Build-Plus\\public\\index.php')
WARNING - 2024-06-02 14:40:00 --> [DEPRECATED] Creation of dynamic property App\Services\StudentService::$students is deprecated in APPPATH\services\StudentService.php on line 17.
 1 APPPATH\Controllers\SinhvienController.php(13): App\Services\StudentService->__construct()
 2 SYSTEMPATH\CodeIgniter.php(903): App\Controllers\SinhvienController->__construct()
 3 SYSTEMPATH\CodeIgniter.php(500): CodeIgniter\CodeIgniter->createController()
 4 SYSTEMPATH\CodeIgniter.php(355): CodeIgniter\CodeIgniter->handleRequest(null, Object(Config\Cache), false)
 5 SYSTEMPATH\Boot.php(312): CodeIgniter\CodeIgniter->run()
 6 SYSTEMPATH\Boot.php(67): CodeIgniter\Boot::runCodeIgniter(Object(CodeIgniter\CodeIgniter))
 7 FCPATH\index.php(56): CodeIgniter\Boot::bootWeb(Object(Config\Paths))
 8 SYSTEMPATH\Commands\Server\rewrite.php(49): require_once('T:\\ XAMPP\\htdocs\\Build-Plus\\public\\index.php')
WARNING - 2024-06-02 14:40:42 --> [DEPRECATED] Creation of dynamic property App\Services\StudentService::$students is deprecated in APPPATH\services\StudentService.php on line 17.
 1 APPPATH\Controllers\SinhvienController.php(13): App\Services\StudentService->__construct()
 2 SYSTEMPATH\CodeIgniter.php(903): App\Controllers\SinhvienController->__construct()
 3 SYSTEMPATH\CodeIgniter.php(500): CodeIgniter\CodeIgniter->createController()
 4 SYSTEMPATH\CodeIgniter.php(355): CodeIgniter\CodeIgniter->handleRequest(null, Object(Config\Cache), false)
 5 SYSTEMPATH\Boot.php(312): CodeIgniter\CodeIgniter->run()
 6 SYSTEMPATH\Boot.php(67): CodeIgniter\Boot::runCodeIgniter(Object(CodeIgniter\CodeIgniter))
 7 FCPATH\index.php(56): CodeIgniter\Boot::bootWeb(Object(Config\Paths))
 8 SYSTEMPATH\Commands\Server\rewrite.php(49): require_once('T:\\ XAMPP\\htdocs\\Build-Plus\\public\\index.php')
WARNING - 2024-06-02 14:40:52 --> [DEPRECATED] Creation of dynamic property App\Services\StudentService::$students is deprecated in APPPATH\services\StudentService.php on line 17.
 1 APPPATH\Controllers\SinhvienController.php(13): App\Services\StudentService->__construct()
 2 SYSTEMPATH\CodeIgniter.php(903): App\Controllers\SinhvienController->__construct()
 3 SYSTEMPATH\CodeIgniter.php(500): CodeIgniter\CodeIgniter->createController()
 4 SYSTEMPATH\CodeIgniter.php(355): CodeIgniter\CodeIgniter->handleRequest(null, Object(Config\Cache), false)
 5 SYSTEMPATH\Boot.php(312): CodeIgniter\CodeIgniter->run()
 6 SYSTEMPATH\Boot.php(67): CodeIgniter\Boot::runCodeIgniter(Object(CodeIgniter\CodeIgniter))
 7 FCPATH\index.php(56): CodeIgniter\Boot::bootWeb(Object(Config\Paths))
 8 SYSTEMPATH\Commands\Server\rewrite.php(49): require_once('T:\\ XAMPP\\htdocs\\Build-Plus\\public\\index.php')
WARNING - 2024-06-02 14:41:10 --> [DEPRECATED] Creation of dynamic property App\Services\StudentService::$students is deprecated in APPPATH\services\StudentService.php on line 17.
 1 APPPATH\Controllers\SinhvienController.php(13): App\Services\StudentService->__construct()
 2 SYSTEMPATH\CodeIgniter.php(903): App\Controllers\SinhvienController->__construct()
 3 SYSTEMPATH\CodeIgniter.php(500): CodeIgniter\CodeIgniter->createController()
 4 SYSTEMPATH\CodeIgniter.php(355): CodeIgniter\CodeIgniter->handleRequest(null, Object(Config\Cache), false)
 5 SYSTEMPATH\Boot.php(312): CodeIgniter\CodeIgniter->run()
 6 SYSTEMPATH\Boot.php(67): CodeIgniter\Boot::runCodeIgniter(Object(CodeIgniter\CodeIgniter))
 7 FCPATH\index.php(56): CodeIgniter\Boot::bootWeb(Object(Config\Paths))
 8 SYSTEMPATH\Commands\Server\rewrite.php(49): require_once('T:\\ XAMPP\\htdocs\\Build-Plus\\public\\index.php')
WARNING - 2024-06-02 14:41:14 --> [DEPRECATED] Creation of dynamic property App\Services\StudentService::$students is deprecated in APPPATH\services\StudentService.php on line 17.
 1 APPPATH\Controllers\SinhvienController.php(13): App\Services\StudentService->__construct()
 2 SYSTEMPATH\CodeIgniter.php(903): App\Controllers\SinhvienController->__construct()
 3 SYSTEMPATH\CodeIgniter.php(500): CodeIgniter\CodeIgniter->createController()
 4 SYSTEMPATH\CodeIgniter.php(355): CodeIgniter\CodeIgniter->handleRequest(null, Object(Config\Cache), false)
 5 SYSTEMPATH\Boot.php(312): CodeIgniter\CodeIgniter->run()
 6 SYSTEMPATH\Boot.php(67): CodeIgniter\Boot::runCodeIgniter(Object(CodeIgniter\CodeIgniter))
 7 FCPATH\index.php(56): CodeIgniter\Boot::bootWeb(Object(Config\Paths))
 8 SYSTEMPATH\Commands\Server\rewrite.php(49): require_once('T:\\ XAMPP\\htdocs\\Build-Plus\\public\\index.php')
WARNING - 2024-06-02 14:44:36 --> [DEPRECATED] Creation of dynamic property App\Services\StudentService::$students is deprecated in APPPATH\services\StudentService.php on line 17.
 1 APPPATH\Controllers\SinhvienController.php(13): App\Services\StudentService->__construct()
 2 SYSTEMPATH\CodeIgniter.php(903): App\Controllers\SinhvienController->__construct()
 3 SYSTEMPATH\CodeIgniter.php(500): CodeIgniter\CodeIgniter->createController()
 4 SYSTEMPATH\CodeIgniter.php(355): CodeIgniter\CodeIgniter->handleRequest(null, Object(Config\Cache), false)
 5 SYSTEMPATH\Boot.php(312): CodeIgniter\CodeIgniter->run()
 6 SYSTEMPATH\Boot.php(67): CodeIgniter\Boot::runCodeIgniter(Object(CodeIgniter\CodeIgniter))
 7 FCPATH\index.php(56): CodeIgniter\Boot::bootWeb(Object(Config\Paths))
 8 SYSTEMPATH\Commands\Server\rewrite.php(49): require_once('T:\\ XAMPP\\htdocs\\Build-Plus\\public\\index.php')
WARNING - 2024-06-02 14:44:37 --> [DEPRECATED] Creation of dynamic property App\Services\StudentService::$students is deprecated in APPPATH\services\StudentService.php on line 17.
 1 APPPATH\Controllers\SinhvienController.php(13): App\Services\StudentService->__construct()
 2 SYSTEMPATH\CodeIgniter.php(903): App\Controllers\SinhvienController->__construct()
 3 SYSTEMPATH\CodeIgniter.php(500): CodeIgniter\CodeIgniter->createController()
 4 SYSTEMPATH\CodeIgniter.php(355): CodeIgniter\CodeIgniter->handleRequest(null, Object(Config\Cache), false)
 5 SYSTEMPATH\Boot.php(312): CodeIgniter\CodeIgniter->run()
 6 SYSTEMPATH\Boot.php(67): CodeIgniter\Boot::runCodeIgniter(Object(CodeIgniter\CodeIgniter))
 7 FCPATH\index.php(56): CodeIgniter\Boot::bootWeb(Object(Config\Paths))
 8 SYSTEMPATH\Commands\Server\rewrite.php(49): require_once('T:\\ XAMPP\\htdocs\\Build-Plus\\public\\index.php')
WARNING - 2024-06-02 14:45:20 --> [DEPRECATED] Creation of dynamic property App\Services\StudentService::$students is deprecated in APPPATH\services\StudentService.php on line 17.
 1 APPPATH\Controllers\SinhvienController.php(13): App\Services\StudentService->__construct()
 2 SYSTEMPATH\CodeIgniter.php(903): App\Controllers\SinhvienController->__construct()
 3 SYSTEMPATH\CodeIgniter.php(500): CodeIgniter\CodeIgniter->createController()
 4 SYSTEMPATH\CodeIgniter.php(355): CodeIgniter\CodeIgniter->handleRequest(null, Object(Config\Cache), false)
 5 SYSTEMPATH\Boot.php(312): CodeIgniter\CodeIgniter->run()
 6 SYSTEMPATH\Boot.php(67): CodeIgniter\Boot::runCodeIgniter(Object(CodeIgniter\CodeIgniter))
 7 FCPATH\index.php(56): CodeIgniter\Boot::bootWeb(Object(Config\Paths))
 8 SYSTEMPATH\Commands\Server\rewrite.php(49): require_once('T:\\ XAMPP\\htdocs\\Build-Plus\\public\\index.php')
WARNING - 2024-06-02 14:45:56 --> [DEPRECATED] Creation of dynamic property App\Services\StudentService::$students is deprecated in APPPATH\services\StudentService.php on line 17.
 1 APPPATH\Controllers\SinhvienController.php(13): App\Services\StudentService->__construct()
 2 SYSTEMPATH\CodeIgniter.php(903): App\Controllers\SinhvienController->__construct()
 3 SYSTEMPATH\CodeIgniter.php(500): CodeIgniter\CodeIgniter->createController()
 4 SYSTEMPATH\CodeIgniter.php(355): CodeIgniter\CodeIgniter->handleRequest(null, Object(Config\Cache), false)
 5 SYSTEMPATH\Boot.php(312): CodeIgniter\CodeIgniter->run()
 6 SYSTEMPATH\Boot.php(67): CodeIgniter\Boot::runCodeIgniter(Object(CodeIgniter\CodeIgniter))
 7 FCPATH\index.php(56): CodeIgniter\Boot::bootWeb(Object(Config\Paths))
 8 SYSTEMPATH\Commands\Server\rewrite.php(49): require_once('T:\\ XAMPP\\htdocs\\Build-Plus\\public\\index.php')
CRITICAL - 2024-06-02 14:46:28 --> ErrorException: Undefined variable $students
[Method: GET, Route: list-giaovien]
in APPPATH\Views\Home\pages\list-sinhvien.php on line 70.
 1 APPPATH\Views\Home\pages\list-sinhvien.php(70): CodeIgniter\Debug\Exceptions->errorHandler(2, 'Undefined variable $students', 'T:\\ XAMPP\\htdocs\\Build-Plus\\app\\Views\\Home\\pages\\list-sinhvien.php', 70)
 2 SYSTEMPATH\View\View.php(234): include('T:\\ XAMPP\\htdocs\\Build-Plus\\app\\Views\\Home\\pages\\list-sinhvien.php')
 3 SYSTEMPATH\View\View.php(237): CodeIgniter\View\View->CodeIgniter\View\{closure}()
 4 SYSTEMPATH\Common.php(1171): CodeIgniter\View\View->render('Home/pages/list-sinhvien', [], true)
 5 APPPATH\Controllers\BaseController.php(65): view('Home/pages/list-sinhvien', [...])
 6 APPPATH\Controllers\GiaovienController.php(21): App\Controllers\BaseController->loadLayout([...], 'Trang chủ', 'Home/pages/list-sinhvien', [...], [], [])
 7 SYSTEMPATH\CodeIgniter.php(933): App\Controllers\GiaovienController->index()
 8 SYSTEMPATH\CodeIgniter.php(509): CodeIgniter\CodeIgniter->runController(Object(App\Controllers\GiaovienController))
 9 SYSTEMPATH\CodeIgniter.php(355): CodeIgniter\CodeIgniter->handleRequest(null, Object(Config\Cache), false)
10 SYSTEMPATH\Boot.php(312): CodeIgniter\CodeIgniter->run()
11 SYSTEMPATH\Boot.php(67): CodeIgniter\Boot::runCodeIgniter(Object(CodeIgniter\CodeIgniter))
12 FCPATH\index.php(56): CodeIgniter\Boot::bootWeb(Object(Config\Paths))
13 SYSTEMPATH\Commands\Server\rewrite.php(49): require_once('T:\\ XAMPP\\htdocs\\Build-Plus\\public\\index.php')
CRITICAL - 2024-06-02 14:46:54 --> ErrorException: Undefined variable $students
[Method: GET, Route: list-giaovien]
in APPPATH\Views\Home\pages\list-sinhvien.php on line 70.
 1 APPPATH\Views\Home\pages\list-sinhvien.php(70): CodeIgniter\Debug\Exceptions->errorHandler(2, 'Undefined variable $students', 'T:\\ XAMPP\\htdocs\\Build-Plus\\app\\Views\\Home\\pages\\list-sinhvien.php', 70)
 2 SYSTEMPATH\View\View.php(234): include('T:\\ XAMPP\\htdocs\\Build-Plus\\app\\Views\\Home\\pages\\list-sinhvien.php')
 3 SYSTEMPATH\View\View.php(237): CodeIgniter\View\View->CodeIgniter\View\{closure}()
 4 SYSTEMPATH\Common.php(1171): CodeIgniter\View\View->render('Home/pages/list-sinhvien', [], true)
 5 APPPATH\Controllers\BaseController.php(65): view('Home/pages/list-sinhvien', [...])
 6 APPPATH\Controllers\GiaovienController.php(21): App\Controllers\BaseController->loadLayout([...], 'Trang chủ', 'Home/pages/list-sinhvien', [...], [], [])
 7 SYSTEMPATH\CodeIgniter.php(933): App\Controllers\GiaovienController->index()
 8 SYSTEMPATH\CodeIgniter.php(509): CodeIgniter\CodeIgniter->runController(Object(App\Controllers\GiaovienController))
 9 SYSTEMPATH\CodeIgniter.php(355): CodeIgniter\CodeIgniter->handleRequest(null, Object(Config\Cache), false)
10 SYSTEMPATH\Boot.php(312): CodeIgniter\CodeIgniter->run()
11 SYSTEMPATH\Boot.php(67): CodeIgniter\Boot::runCodeIgniter(Object(CodeIgniter\CodeIgniter))
12 FCPATH\index.php(56): CodeIgniter\Boot::bootWeb(Object(Config\Paths))
13 SYSTEMPATH\Commands\Server\rewrite.php(49): require_once('T:\\ XAMPP\\htdocs\\Build-Plus\\public\\index.php')
CRITICAL - 2024-06-02 14:48:54 --> ErrorException: Undefined variable $students
[Method: GET, Route: list-giaovien]
in APPPATH\Views\Home\pages\list-sinhvien.php on line 70.
 1 APPPATH\Views\Home\pages\list-sinhvien.php(70): CodeIgniter\Debug\Exceptions->errorHandler(2, 'Undefined variable $students', 'T:\\ XAMPP\\htdocs\\Build-Plus\\app\\Views\\Home\\pages\\list-sinhvien.php', 70)
 2 SYSTEMPATH\View\View.php(234): include('T:\\ XAMPP\\htdocs\\Build-Plus\\app\\Views\\Home\\pages\\list-sinhvien.php')
 3 SYSTEMPATH\View\View.php(237): CodeIgniter\View\View->CodeIgniter\View\{closure}()
 4 SYSTEMPATH\Common.php(1171): CodeIgniter\View\View->render('Home/pages/list-sinhvien', [], true)
 5 APPPATH\Controllers\BaseController.php(65): view('Home/pages/list-sinhvien', [...])
 6 APPPATH\Controllers\GiaovienController.php(21): App\Controllers\BaseController->loadLayout([...], 'Trang chủ', 'Home/pages/list-sinhvien', [...], [], [])
 7 SYSTEMPATH\CodeIgniter.php(933): App\Controllers\GiaovienController->index()
 8 SYSTEMPATH\CodeIgniter.php(509): CodeIgniter\CodeIgniter->runController(Object(App\Controllers\GiaovienController))
 9 SYSTEMPATH\CodeIgniter.php(355): CodeIgniter\CodeIgniter->handleRequest(null, Object(Config\Cache), false)
10 SYSTEMPATH\Boot.php(312): CodeIgniter\CodeIgniter->run()
11 SYSTEMPATH\Boot.php(67): CodeIgniter\Boot::runCodeIgniter(Object(CodeIgniter\CodeIgniter))
12 FCPATH\index.php(56): CodeIgniter\Boot::bootWeb(Object(Config\Paths))
13 SYSTEMPATH\Commands\Server\rewrite.php(49): require_once('T:\\ XAMPP\\htdocs\\Build-Plus\\public\\index.php')
CRITICAL - 2024-06-02 14:49:01 --> ErrorException: Undefined variable $students
[Method: GET, Route: list-giaovien]
in APPPATH\Views\Home\pages\list-sinhvien.php on line 70.
 1 APPPATH\Views\Home\pages\list-sinhvien.php(70): CodeIgniter\Debug\Exceptions->errorHandler(2, 'Undefined variable $students', 'T:\\ XAMPP\\htdocs\\Build-Plus\\app\\Views\\Home\\pages\\list-sinhvien.php', 70)
 2 SYSTEMPATH\View\View.php(234): include('T:\\ XAMPP\\htdocs\\Build-Plus\\app\\Views\\Home\\pages\\list-sinhvien.php')
 3 SYSTEMPATH\View\View.php(237): CodeIgniter\View\View->CodeIgniter\View\{closure}()
 4 SYSTEMPATH\Common.php(1171): CodeIgniter\View\View->render('Home/pages/list-sinhvien', [], true)
 5 APPPATH\Controllers\BaseController.php(65): view('Home/pages/list-sinhvien', [...])
 6 APPPATH\Controllers\GiaovienController.php(21): App\Controllers\BaseController->loadLayout([...], 'Trang chủ', 'Home/pages/list-sinhvien', [...], [], [])
 7 SYSTEMPATH\CodeIgniter.php(933): App\Controllers\GiaovienController->index()
 8 SYSTEMPATH\CodeIgniter.php(509): CodeIgniter\CodeIgniter->runController(Object(App\Controllers\GiaovienController))
 9 SYSTEMPATH\CodeIgniter.php(355): CodeIgniter\CodeIgniter->handleRequest(null, Object(Config\Cache), false)
10 SYSTEMPATH\Boot.php(312): CodeIgniter\CodeIgniter->run()
11 SYSTEMPATH\Boot.php(67): CodeIgniter\Boot::runCodeIgniter(Object(CodeIgniter\CodeIgniter))
12 FCPATH\index.php(56): CodeIgniter\Boot::bootWeb(Object(Config\Paths))
13 SYSTEMPATH\Commands\Server\rewrite.php(49): require_once('T:\\ XAMPP\\htdocs\\Build-Plus\\public\\index.php')
CRITICAL - 2024-06-02 14:49:10 --> ErrorException: Undefined variable $students
[Method: GET, Route: list-giaovien]
in APPPATH\Views\Home\pages\list-sinhvien.php on line 70.
 1 APPPATH\Views\Home\pages\list-sinhvien.php(70): CodeIgniter\Debug\Exceptions->errorHandler(2, 'Undefined variable $students', 'T:\\ XAMPP\\htdocs\\Build-Plus\\app\\Views\\Home\\pages\\list-sinhvien.php', 70)
 2 SYSTEMPATH\View\View.php(234): include('T:\\ XAMPP\\htdocs\\Build-Plus\\app\\Views\\Home\\pages\\list-sinhvien.php')
 3 SYSTEMPATH\View\View.php(237): CodeIgniter\View\View->CodeIgniter\View\{closure}()
 4 SYSTEMPATH\Common.php(1171): CodeIgniter\View\View->render('Home/pages/list-sinhvien', [], true)
 5 APPPATH\Controllers\BaseController.php(65): view('Home/pages/list-sinhvien', [...])
 6 APPPATH\Controllers\GiaovienController.php(21): App\Controllers\BaseController->loadLayout([...], 'Trang chủ', 'Home/pages/list-sinhvien', [...], [], [])
 7 SYSTEMPATH\CodeIgniter.php(933): App\Controllers\GiaovienController->index()
 8 SYSTEMPATH\CodeIgniter.php(509): CodeIgniter\CodeIgniter->runController(Object(App\Controllers\GiaovienController))
 9 SYSTEMPATH\CodeIgniter.php(355): CodeIgniter\CodeIgniter->handleRequest(null, Object(Config\Cache), false)
10 SYSTEMPATH\Boot.php(312): CodeIgniter\CodeIgniter->run()
11 SYSTEMPATH\Boot.php(67): CodeIgniter\Boot::runCodeIgniter(Object(CodeIgniter\CodeIgniter))
12 FCPATH\index.php(56): CodeIgniter\Boot::bootWeb(Object(Config\Paths))
13 SYSTEMPATH\Commands\Server\rewrite.php(49): require_once('T:\\ XAMPP\\htdocs\\Build-Plus\\public\\index.php')
WARNING - 2024-06-02 14:55:40 --> [DEPRECATED] Creation of dynamic property App\Services\StudentService::$students is deprecated in APPPATH\services\StudentService.php on line 17.
 1 APPPATH\Controllers\SinhvienController.php(13): App\Services\StudentService->__construct()
 2 SYSTEMPATH\CodeIgniter.php(903): App\Controllers\SinhvienController->__construct()
 3 SYSTEMPATH\CodeIgniter.php(500): CodeIgniter\CodeIgniter->createController()
 4 SYSTEMPATH\CodeIgniter.php(355): CodeIgniter\CodeIgniter->handleRequest(null, Object(Config\Cache), false)
 5 SYSTEMPATH\Boot.php(312): CodeIgniter\CodeIgniter->run()
 6 SYSTEMPATH\Boot.php(67): CodeIgniter\Boot::runCodeIgniter(Object(CodeIgniter\CodeIgniter))
 7 FCPATH\index.php(56): CodeIgniter\Boot::bootWeb(Object(Config\Paths))
 8 SYSTEMPATH\Commands\Server\rewrite.php(49): require_once('T:\\ XAMPP\\htdocs\\Build-Plus\\public\\index.php')
WARNING - 2024-06-02 15:52:27 --> [DEPRECATED] Creation of dynamic property App\Services\StudentService::$students is deprecated in APPPATH\services\StudentService.php on line 17.
 1 APPPATH\Controllers\SinhvienController.php(13): App\Services\StudentService->__construct()
 2 SYSTEMPATH\CodeIgniter.php(903): App\Controllers\SinhvienController->__construct()
 3 SYSTEMPATH\CodeIgniter.php(500): CodeIgniter\CodeIgniter->createController()
 4 SYSTEMPATH\CodeIgniter.php(355): CodeIgniter\CodeIgniter->handleRequest(null, Object(Config\Cache), false)
 5 SYSTEMPATH\Boot.php(312): CodeIgniter\CodeIgniter->run()
 6 SYSTEMPATH\Boot.php(67): CodeIgniter\Boot::runCodeIgniter(Object(CodeIgniter\CodeIgniter))
 7 FCPATH\index.php(56): CodeIgniter\Boot::bootWeb(Object(Config\Paths))
 8 SYSTEMPATH\Commands\Server\rewrite.php(49): require_once('T:\\ XAMPP\\htdocs\\Build-Plus\\public\\index.php')
WARNING - 2024-06-02 15:52:34 --> [DEPRECATED] Creation of dynamic property App\Services\StudentService::$students is deprecated in APPPATH\services\StudentService.php on line 17.
 1 APPPATH\Controllers\SinhvienController.php(13): App\Services\StudentService->__construct()
 2 SYSTEMPATH\CodeIgniter.php(903): App\Controllers\SinhvienController->__construct()
 3 SYSTEMPATH\CodeIgniter.php(500): CodeIgniter\CodeIgniter->createController()
 4 SYSTEMPATH\CodeIgniter.php(355): CodeIgniter\CodeIgniter->handleRequest(null, Object(Config\Cache), false)
 5 SYSTEMPATH\Boot.php(312): CodeIgniter\CodeIgniter->run()
 6 SYSTEMPATH\Boot.php(67): CodeIgniter\Boot::runCodeIgniter(Object(CodeIgniter\CodeIgniter))
 7 FCPATH\index.php(56): CodeIgniter\Boot::bootWeb(Object(Config\Paths))
 8 SYSTEMPATH\Commands\Server\rewrite.php(49): require_once('T:\\ XAMPP\\htdocs\\Build-Plus\\public\\index.php')
